update-alternatives 2014-10-22 18:35:18: run with --quiet --install /usr/bin/awk awk /usr/bin/mawk 5 --slave /usr/share/man/man1/awk.1.gz awk.1.gz /usr/share/man/man1/mawk.1.gz --slave /usr/bin/nawk nawk /usr/bin/mawk --slave /usr/share/man/man1/nawk.1.gz nawk.1.gz /usr/share/man/man1/mawk.1.gz
update-alternatives 2014-10-22 18:35:18: link group awk updated to point to /usr/bin/mawk
update-alternatives 2014-10-22 18:37:25: run with --install /bin/mt mt /bin/mt-gnu 10 --slave /usr/share/man/man1/mt.1.gz mt.1.gz /usr/share/man/man1/mt-gnu.1.gz
update-alternatives 2014-10-22 18:37:25: link group mt updated to point to /bin/mt-gnu
update-alternatives 2014-10-22 18:37:26: run with --quiet --install /usr/bin/awk awk /usr/bin/mawk 5 --slave /usr/share/man/man1/awk.1.gz awk.1.gz /usr/share/man/man1/mawk.1.gz --slave /usr/bin/nawk nawk /usr/bin/mawk --slave /usr/share/man/man1/nawk.1.gz nawk.1.gz /usr/share/man/man1/mawk.1.gz
update-alternatives 2014-10-22 18:37:40: run with --install /usr/sbin/rmt rmt /usr/sbin/rmt-tar 50 --slave /usr/share/man/man8/rmt.8.gz rmt.8.gz /usr/share/man/man8/rmt-tar.8.gz
update-alternatives 2014-10-22 18:37:40: link group rmt updated to point to /usr/sbin/rmt-tar
update-alternatives 2014-10-22 18:37:43: run with --install /usr/bin/rename rename /usr/bin/prename 60 --slave /usr/share/man/man1/rename.1.gz rename.1.gz /usr/share/man/man1/prename.1.gz
update-alternatives 2014-10-22 18:37:43: link group rename updated to point to /usr/bin/prename
update-alternatives 2014-10-22 18:37:43: run with --install /usr/share/man/man7/builtins.7.gz builtins.7.gz /usr/share/man/man7/bash-builtins.7.gz 10
update-alternatives 2014-10-22 18:37:43: link group builtins.7.gz updated to point to /usr/share/man/man7/bash-builtins.7.gz
update-alternatives 2014-10-22 18:37:47: run with --install /usr/bin/pager pager /bin/more 50 --slave /usr/share/man/man1/pager.1.gz pager.1.gz /usr/share/man/man1/more.1.gz
update-alternatives 2014-10-22 18:37:47: link group pager updated to point to /bin/more
update-alternatives 2014-10-22 18:37:47: run with --install /usr/bin/pager pager /usr/bin/pg 10 --slave /usr/share/man/man1/pager.1.gz pager.1.gz /usr/share/man/man1/pg.1.gz
update-alternatives 2014-10-22 18:37:48: run with --install /usr/bin/w w /usr/bin/w.procps 50 --slave /usr/share/man/man1/w.1.gz w.1.gz /usr/share/man/man1/w.procps.1.gz
update-alternatives 2014-10-22 18:37:48: link group w updated to point to /usr/bin/w.procps
update-alternatives 2014-10-22 18:39:08: run with --install /etc/newt/palette newt-palette /etc/newt/palette.ubuntu 50
update-alternatives 2014-10-22 18:39:08: link group newt-palette updated to point to /etc/newt/palette.ubuntu
update-alternatives 2014-10-22 18:39:08: run with --install /etc/newt/palette newt-palette /etc/newt/palette.original 20
update-alternatives 2014-10-22 18:39:14: run with --install /usr/bin/rview rview /usr/bin/vim.tiny 10
update-alternatives 2014-10-22 18:39:14: link group rview updated to point to /usr/bin/vim.tiny
update-alternatives 2014-10-22 18:39:14: run with --install /usr/bin/vi vi /usr/bin/vim.tiny 10 --slave /usr/share/man/fr/man1/vi.1.gz vi.fr.1.gz /usr/share/man/fr/man1/vim.1.gz --slave /usr/share/man/it/man1/vi.1.gz vi.it.1.gz /usr/share/man/it/man1/vim.1.gz --slave /usr/share/man/pl/man1/vi.1.gz vi.pl.1.gz /usr/share/man/pl/man1/vim.1.gz --slave /usr/share/man/ru/man1/vi.1.gz vi.ru.1.gz /usr/share/man/ru/man1/vim.1.gz --slave /usr/share/man/ja/man1/vi.1.gz vi.ja.1.gz /usr/share/man/ja/man1/vim.1.gz --slave /usr/share/man/man1/vi.1.gz vi.1.gz /usr/share/man/man1/vim.1.gz
update-alternatives 2014-10-22 18:39:14: link group vi updated to point to /usr/bin/vim.tiny
update-alternatives 2014-10-22 18:39:14: run with --install /usr/bin/view view /usr/bin/vim.tiny 10 --slave /usr/share/man/fr/man1/view.1.gz view.fr.1.gz /usr/share/man/fr/man1/vim.1.gz --slave /usr/share/man/it/man1/view.1.gz view.it.1.gz /usr/share/man/it/man1/vim.1.gz --slave /usr/share/man/pl/man1/view.1.gz view.pl.1.gz /usr/share/man/pl/man1/vim.1.gz --slave /usr/share/man/ru/man1/view.1.gz view.ru.1.gz /usr/share/man/ru/man1/vim.1.gz --slave /usr/share/man/ja/man1/view.1.gz view.ja.1.gz /usr/share/man/ja/man1/vim.1.gz --slave /usr/share/man/man1/view.1.gz view.1.gz /usr/share/man/man1/vim.1.gz
update-alternatives 2014-10-22 18:39:14: link group view updated to point to /usr/bin/vim.tiny
update-alternatives 2014-10-22 18:39:14: run with --install /usr/bin/ex ex /usr/bin/vim.tiny 10 --slave /usr/share/man/fr/man1/ex.1.gz ex.fr.1.gz /usr/share/man/fr/man1/vim.1.gz --slave /usr/share/man/it/man1/ex.1.gz ex.it.1.gz /usr/share/man/it/man1/vim.1.gz --slave /usr/share/man/pl/man1/ex.1.gz ex.pl.1.gz /usr/share/man/pl/man1/vim.1.gz --slave /usr/share/man/ru/man1/ex.1.gz ex.ru.1.gz /usr/share/man/ru/man1/vim.1.gz --slave /usr/share/man/ja/man1/ex.1.gz ex.ja.1.gz /usr/share/man/ja/man1/vim.1.gz --slave /usr/share/man/man1/ex.1.gz ex.1.gz /usr/share/man/man1/vim.1.gz
update-alternatives 2014-10-22 18:39:14: link group ex updated to point to /usr/bin/vim.tiny
update-alternatives 2014-10-22 18:39:14: run with --install /usr/bin/editor editor /usr/bin/vim.tiny 10 --slave /usr/share/man/fr/man1/editor.1.gz editor.fr.1.gz /usr/share/man/fr/man1/vim.1.gz --slave /usr/share/man/it/man1/editor.1.gz editor.it.1.gz /usr/share/man/it/man1/vim.1.gz --slave /usr/share/man/pl/man1/editor.1.gz editor.pl.1.gz /usr/share/man/pl/man1/vim.1.gz --slave /usr/share/man/ru/man1/editor.1.gz editor.ru.1.gz /usr/share/man/ru/man1/vim.1.gz --slave /usr/share/man/ja/man1/editor.1.gz editor.ja.1.gz /usr/share/man/ja/man1/vim.1.gz --slave /usr/share/man/man1/editor.1.gz editor.1.gz /usr/share/man/man1/vim.1.gz
update-alternatives 2014-10-22 18:39:14: link group editor updated to point to /usr/bin/vim.tiny
update-alternatives 2014-10-22 18:39:14: run with --quiet --install /usr/bin/pager pager /bin/less 77 --slave /usr/share/man/man1/pager.1.gz pager.1.gz /usr/share/man/man1/less.1.gz
update-alternatives 2014-10-22 18:39:14: link group pager updated to point to /bin/less
update-alternatives 2014-10-22 18:39:14: run with --quiet --install /usr/bin/pager pager /bin/less 77 --slave /usr/share/man/man1/pager.1.gz pager.1.gz /usr/share/man/man1/less.1.gz
update-alternatives 2014-10-22 18:39:15: run with --install /bin/nc nc /bin/nc.openbsd 50 --slave /bin/netcat netcat /bin/nc.openbsd --slave /usr/share/man/man1/nc.1.gz nc.1.gz /usr/share/man/man1/nc_openbsd.1.gz --slave /usr/share/man/man1/netcat.1.gz netcat.1.gz /usr/share/man/man1/nc_openbsd.1.gz
update-alternatives 2014-10-22 18:39:15: link group nc updated to point to /bin/nc.openbsd
update-alternatives 2014-10-22 18:39:25: run with --install /etc/vtrgb vtrgb /etc/console-setup/vtrgb 50
update-alternatives 2014-10-22 18:39:25: link group vtrgb updated to point to /etc/console-setup/vtrgb
update-alternatives 2014-10-22 18:39:25: run with --install /etc/vtrgb vtrgb /etc/console-setup/vtrgb.vga 20
update-alternatives 2014-10-22 18:59:25: run with --install /usr/bin/write write /usr/bin/bsd-write 100 --slave /usr/share/man/man1/write.1.gz write.1.gz /usr/share/man/man1/bsd-write.1.gz
update-alternatives 2014-10-22 18:59:25: link group write updated to point to /usr/bin/bsd-write
update-alternatives 2014-10-22 18:59:25: run with --install /usr/bin/from from /usr/bin/bsd-from 10 --slave /usr/share/man/man1/from.1.gz from.1.gz /usr/share/man/man1/bsd-from.1.gz
update-alternatives 2014-10-22 18:59:25: link group from updated to point to /usr/bin/bsd-from
update-alternatives 2014-10-22 18:59:49: run with --force --install /etc/ld.so.conf.d/x86_64-linux-gnu_mirclient8driver.conf x86_64-linux-gnu_mirclient8driver_conf /usr/lib/x86_64-linux-gnu/mir/client8driver/mesa/ld.so.conf 500
update-alternatives 2014-10-22 18:59:49: link group x86_64-linux-gnu_mirclient8driver_conf updated to point to /usr/lib/x86_64-linux-gnu/mir/client8driver/mesa/ld.so.conf
update-alternatives 2014-10-22 19:00:23: run with --force --install /etc/ld.so.conf.d/x86_64-linux-gnu_GL.conf x86_64-linux-gnu_gl_conf /usr/lib/x86_64-linux-gnu/mesa/ld.so.conf 500 --slave /usr/lib/x86_64-linux-gnu/xorg/extra-modules x86_64-linux-gnu_xorg_extra_modules /usr/lib/x86_64-linux-gnu/xorg/x11-extra-modules
update-alternatives 2014-10-22 19:00:23: link group x86_64-linux-gnu_gl_conf updated to point to /usr/lib/x86_64-linux-gnu/mesa/ld.so.conf
update-alternatives 2014-10-22 19:00:31: run with --install /usr/share/ghostscript/current ghostscript-current /usr/share/ghostscript/9.14 914
update-alternatives 2014-10-22 19:00:31: link group ghostscript-current updated to point to /usr/share/ghostscript/9.14
update-alternatives 2014-10-22 19:00:39: run with --force --install /etc/ld.so.conf.d/x86_64-linux-gnu_EGL.conf x86_64-linux-gnu_egl_conf /usr/lib/x86_64-linux-gnu/mesa-egl/ld.so.conf 500
update-alternatives 2014-10-22 19:00:39: link group x86_64-linux-gnu_egl_conf updated to point to /usr/lib/x86_64-linux-gnu/mesa-egl/ld.so.conf
update-alternatives 2014-10-22 19:01:43: run with --quiet --install /usr/bin/editor editor /bin/ed -100 --slave /usr/share/man/man1/editor.1.gz editor.1.gz /usr/share/man/man1/ed.1.gz
update-alternatives 2014-10-22 19:01:43: run with --install /usr/bin/ftp ftp /usr/bin/netkit-ftp 100 --slave /usr/share/man/man1/ftp.1.gz ftp.1.gz /usr/share/man/man1/netkit-ftp.1.gz
update-alternatives 2014-10-22 19:01:43: link group ftp updated to point to /usr/bin/netkit-ftp
update-alternatives 2014-10-22 19:01:44: run with --install /usr/bin/infobrowser infobrowser /usr/bin/info 60 --slave /usr/share/man/man1/infobrowser.1.gz infobrowser.1.gz /usr/share/man/man1/info.1.gz
update-alternatives 2014-10-22 19:01:44: link group infobrowser updated to point to /usr/bin/info
update-alternatives 2014-10-22 19:01:45: run with --install /usr/bin/traceroute6 traceroute6 /usr/bin/traceroute6.iputils 100 --slave /usr/share/man/man8/traceroute6.8.gz traceroute6.8.gz /usr/share/man/man8/traceroute6.iputils.8.gz
update-alternatives 2014-10-22 19:01:45: link group traceroute6 updated to point to /usr/bin/traceroute6.iputils
update-alternatives 2014-10-22 19:01:46: run with --install /usr/bin/locate locate /usr/bin/mlocate 80 --slave /usr/share/man/man1/locate.1.gz locate.1.gz /usr/share/man/man1/mlocate.1.gz --slave /usr/bin/updatedb updatedb /usr/bin/updatedb.mlocate
update-alternatives 2014-10-22 19:01:46: link group locate updated to point to /usr/bin/mlocate
update-alternatives 2014-10-22 19:01:47: run with --install /usr/bin/editor editor /bin/nano 40 --slave /usr/share/man/man1/editor.1.gz editor.1.gz /usr/share/man/man1/nano.1.gz
update-alternatives 2014-10-22 19:01:47: link group editor updated to point to /bin/nano
update-alternatives 2014-10-22 19:01:47: run with --install /usr/bin/pico pico /bin/nano 10 --slave /usr/share/man/man1/pico.1.gz pico.1.gz /usr/share/man/man1/nano.1.gz
update-alternatives 2014-10-22 19:01:47: link group pico updated to point to /bin/nano
update-alternatives 2014-10-22 19:01:47: run with --quiet --install /usr/bin/rsh rsh /usr/bin/ssh 20 --slave /usr/share/man/man1/rsh.1.gz rsh.1.gz /usr/share/man/man1/ssh.1.gz
update-alternatives 2014-10-22 19:01:47: link group rsh updated to point to /usr/bin/ssh
update-alternatives 2014-10-22 19:01:47: run with --quiet --install /usr/bin/rlogin rlogin /usr/bin/slogin 20 --slave /usr/share/man/man1/rlogin.1.gz rlogin.1.gz /usr/share/man/man1/slogin.1.gz
update-alternatives 2014-10-22 19:01:47: link group rlogin updated to point to /usr/bin/slogin
update-alternatives 2014-10-22 19:01:47: run with --quiet --install /usr/bin/rcp rcp /usr/bin/scp 20 --slave /usr/share/man/man1/rcp.1.gz rcp.1.gz /usr/share/man/man1/scp.1.gz
update-alternatives 2014-10-22 19:01:47: link group rcp updated to point to /usr/bin/scp
update-alternatives 2014-10-22 19:01:48: run with --install /lib/plymouth/themes/text.plymouth text.plymouth /lib/plymouth/themes/ubuntu-text/ubuntu-text.plymouth 50
update-alternatives 2014-10-22 19:01:48: link group text.plymouth updated to point to /lib/plymouth/themes/ubuntu-text/ubuntu-text.plymouth
update-alternatives 2014-10-22 19:01:50: run with --install /usr/bin/telnet telnet /usr/bin/telnet.netkit 100 --slave /usr/share/man/man1/telnet.1.gz telnet.1.gz /usr/share/man/man1/telnet.netkit.1.gz
update-alternatives 2014-10-22 19:01:50: link group telnet updated to point to /usr/bin/telnet.netkit
update-alternatives 2014-10-22 19:01:59: run with --install /usr/bin/x-terminal-emulator x-terminal-emulator /usr/bin/lxterminal 40 --slave /usr/share/man/man1/x-terminal-emulator.1.gz x-terminal-emulator.1.gz /usr/share/man/man1/lxterminal.1.gz
update-alternatives 2014-10-22 19:01:59: link group x-terminal-emulator updated to point to /usr/bin/lxterminal
update-alternatives 2014-10-22 19:02:01: run with --install /usr/bin/lzma lzma /usr/bin/xz 20 --slave /usr/share/man/man1/lzma.1.gz lzma.1.gz /usr/share/man/man1/xz.1.gz --slave /usr/bin/unlzma unlzma /usr/bin/unxz --slave /usr/share/man/man1/unlzma.1.gz unlzma.1.gz /usr/share/man/man1/unxz.1.gz --slave /usr/bin/lzcat lzcat /usr/bin/xzcat --slave /usr/share/man/man1/lzcat.1.gz lzcat.1.gz /usr/share/man/man1/xzcat.1.gz --slave /usr/bin/lzmore lzmore /usr/bin/xzmore --slave /usr/share/man/man1/lzmore.1.gz lzmore.1.gz /usr/share/man/man1/xzmore.1.gz --slave /usr/bin/lzless lzless /usr/bin/xzless --slave /usr/share/man/man1/lzless.1.gz lzless.1.gz /usr/share/man/man1/xzless.1.gz --slave /usr/bin/lzdiff lzdiff /usr/bin/xzdiff --slave /usr/share/man/man1/lzdiff.1.gz lzdiff.1.gz /usr/share/man/man1/xzdiff.1.gz --slave /usr/bin/lzcmp lzcmp /usr/bin/xzcmp --slave /usr/share/man/man1/lzcmp.1.gz lzcmp.1.gz /usr/share/man/man1/xzcmp.1.gz --slave /usr/bin/lzgrep lzgrep /usr/bin/xzgrep --slave /usr/share/man/man1/lzgrep.1.gz lzgrep.1.gz /usr/share/man/man1/xzgrep.1.gz --slave /usr/bin/lzegrep lzegrep /usr/bin/xzegrep --slave /usr/share/man/man1/lzegrep.1.gz lzegrep.1.gz /usr/share/man/man1/xzegrep.1.gz --slave /usr/bin/lzfgrep lzfgrep /usr/bin/xzfgrep --slave /usr/share/man/man1/lzfgrep.1.gz lzfgrep.1.gz /usr/share/man/man1/xzfgrep.1.gz
update-alternatives 2014-10-22 19:02:01: link group lzma updated to point to /usr/bin/xz
update-alternatives 2014-10-22 19:02:07: run with --quiet --install /lib/cpp cpp /usr/bin/cpp 10
update-alternatives 2014-10-22 19:02:07: link group cpp updated to point to /usr/bin/cpp
update-alternatives 2014-10-22 19:02:08: run with --install /usr/share/icons/default/index.theme x-cursor-theme /usr/share/icons/DMZ-White/cursor.theme 100
update-alternatives 2014-10-22 19:02:08: link group x-cursor-theme updated to point to /usr/share/icons/DMZ-White/cursor.theme
update-alternatives 2014-10-22 19:02:08: run with --install /usr/share/icons/default/index.theme x-cursor-theme /usr/share/icons/DMZ-Black/cursor.theme 30
update-alternatives 2014-10-22 19:02:18: run with --install /usr/bin/gnome-text-editor gnome-text-editor /usr/bin/leafpad 40 --slave /usr/share/man/man1/gnome-text-editor.1.gz gnome-text-editor.1.gz /usr/share/man/man1/leafpad.1.gz
update-alternatives 2014-10-22 19:02:18: link group gnome-text-editor updated to point to /usr/bin/leafpad
update-alternatives 2014-10-22 19:02:35: run with --set newt-palette /etc/newt/palette.original
update-alternatives 2014-10-22 19:02:35: status of link group /etc/newt/palette set to manual
update-alternatives 2014-10-22 19:02:35: link group newt-palette updated to point to /etc/newt/palette.original
update-alternatives 2014-10-22 19:02:37: run with --install /lib/plymouth/themes/default.plymouth default.plymouth /lib/plymouth/themes/lubuntu-logo/lubuntu-logo.plymouth 150
update-alternatives 2014-10-22 19:02:37: link group default.plymouth updated to point to /lib/plymouth/themes/lubuntu-logo/lubuntu-logo.plymouth
update-alternatives 2014-10-22 19:02:37: run with --install /lib/plymouth/themes/text.plymouth text.plymouth /lib/plymouth/themes/lubuntu-text/lubuntu-text.plymouth 150
update-alternatives 2014-10-22 19:02:37: link group text.plymouth updated to point to /lib/plymouth/themes/lubuntu-text/lubuntu-text.plymouth
update-alternatives 2014-10-22 19:03:07: run with --install /usr/bin/x-terminal-emulator x-terminal-emulator /usr/bin/xterm 20 --slave /usr/share/man/man1/x-terminal-emulator.1.gz x-terminal-emulator.1.gz /usr/share/man/man1/xterm.1.gz
update-alternatives 2014-10-22 19:03:07: run with --install /usr/bin/x-terminal-emulator x-terminal-emulator /usr/bin/uxterm 20 --slave /usr/share/man/man1/x-terminal-emulator.1.gz x-terminal-emulator.1.gz /usr/share/man/man1/uxterm.1.gz
update-alternatives 2014-10-22 19:03:07: run with --install /usr/bin/x-terminal-emulator x-terminal-emulator /usr/bin/koi8rxterm 20 --slave /usr/share/man/man1/x-terminal-emulator.1.gz x-terminal-emulator.1.gz /usr/share/man/man1/koi8rxterm.1.gz
update-alternatives 2014-10-22 19:03:07: run with --install /usr/bin/x-terminal-emulator x-terminal-emulator /usr/bin/lxterm 30 --slave /usr/share/man/man1/x-terminal-emulator.1.gz x-terminal-emulator.1.gz /usr/share/man/man1/lxterm.1.gz
update-alternatives 2014-10-22 19:03:10: run with --install /usr/bin/gnome-www-browser gnome-www-browser /usr/bin/firefox 40
update-alternatives 2014-10-22 19:03:10: link group gnome-www-browser updated to point to /usr/bin/firefox
update-alternatives 2014-10-22 19:03:10: run with --install /usr/bin/x-www-browser x-www-browser /usr/bin/firefox 40
update-alternatives 2014-10-22 19:03:10: link group x-www-browser updated to point to /usr/bin/firefox
update-alternatives 2014-10-22 19:03:13: run with --install /usr/share/xgreeters/lightdm-greeter.desktop lightdm-greeter /usr/share/xgreeters/lightdm-gtk-greeter.desktop 60
update-alternatives 2014-10-22 19:03:13: link group lightdm-greeter updated to point to /usr/share/xgreeters/lightdm-gtk-greeter.desktop
update-alternatives 2014-10-22 19:03:13: run with --install /etc/lightdm/lightdm-gtk-greeter.conf lightdm-gtk-greeter-config-derivative /etc/lightdm/lightdm-gtk-greeter-ubuntu.conf 10
update-alternatives 2014-10-22 19:03:13: link group lightdm-gtk-greeter-config-derivative updated to point to /etc/lightdm/lightdm-gtk-greeter-ubuntu.conf
update-alternatives 2014-10-22 19:03:13: run with --install /usr/bin/x-window-manager x-window-manager /usr/bin/openbox 90 --slave /usr/share/man/man1/x-window-manager.1.gz x-window-manager.1.gz /usr/share/man/man1/openbox.1.gz
update-alternatives 2014-10-22 19:03:13: link group x-window-manager updated to point to /usr/bin/openbox
update-alternatives 2014-10-22 19:03:13: run with --install /usr/bin/x-session-manager x-session-manager /usr/bin/openbox-session 40 --slave /usr/share/man/man1/x-session-manager.1.gz x-session-manager.1.gz /usr/share/man/man1/openbox-session.1.gz
update-alternatives 2014-10-22 19:03:13: link group x-session-manager updated to point to /usr/bin/openbox-session
update-alternatives 2014-10-22 19:03:22: run with --install /usr/bin/x-session-manager x-session-manager /usr/bin/lxsession 49 --slave /usr/share/man/man1/lxsession-manager.1.gz x-session-manager.1.gz /usr/share/man/man1/lxsession.1.gz
update-alternatives 2014-10-22 19:03:22: link group x-session-manager updated to point to /usr/bin/lxsession
update-alternatives 2014-10-22 19:03:35: run with --install /usr/share/icons/gnome/scalable/places/start-here.svg start-here.svg /usr/share/icons/gnome/scalable/places/ubuntu-logo.svg 60 --slave /usr/share/icons/gnome/16x16/places/start-here.png start-here-16.png /usr/share/icons/gnome/16x16/places/ubuntu-logo.png --slave /usr/share/icons/gnome/22x22/places/start-here.png start-here-22.png /usr/share/icons/gnome/22x22/places/ubuntu-logo.png --slave /usr/share/icons/gnome/24x24/places/start-here.png start-here-24.png /usr/share/icons/gnome/24x24/places/ubuntu-logo.png --slave /usr/share/icons/gnome/256x256/places/start-here.png start-here-256.png /usr/share/icons/gnome/256x256/places/ubuntu-logo.png --slave /usr/share/icons/gnome/32x32/places/start-here.png start-here-32.png /usr/share/icons/gnome/32x32/places/ubuntu-logo.png --slave /usr/share/icons/gnome/48x48/places/start-here.png start-here-48.png /usr/share/icons/gnome/48x48/places/ubuntu-logo.png
update-alternatives 2014-10-22 19:03:35: link group start-here.svg updated to point to /usr/share/icons/gnome/scalable/places/ubuntu-logo.svg
update-alternatives 2014-10-22 19:03:35: run with --install /usr/share/icons/gnome/scalable/places/start-here.svg start-here.svg /usr/share/icons/gnome/scalable/places/debian-swirl.svg 30 --slave /usr/share/icons/gnome/16x16/places/start-here.png start-here-16.png /usr/share/icons/gnome/16x16/places/debian-swirl.png --slave /usr/share/icons/gnome/22x22/places/start-here.png start-here-22.png /usr/share/icons/gnome/22x22/places/debian-swirl.png --slave /usr/share/icons/gnome/24x24/places/start-here.png start-here-24.png /usr/share/icons/gnome/24x24/places/debian-swirl.png --slave /usr/share/icons/gnome/256x256/places/start-here.png start-here-256.png /usr/share/icons/gnome/256x256/places/debian-swirl.png --slave /usr/share/icons/gnome/32x32/places/start-here.png start-here-32.png /usr/share/icons/gnome/32x32/places/debian-swirl.png --slave /usr/share/icons/gnome/48x48/places/start-here.png start-here-48.png /usr/share/icons/gnome/48x48/places/debian-swirl.png
update-alternatives 2014-10-22 19:03:35: run with --install /usr/share/icons/gnome/scalable/places/start-here.svg start-here.svg /usr/share/icons/gnome/scalable/places/gnome-foot.svg 20 --slave /usr/share/icons/gnome/16x16/places/start-here.png start-here-16.png /usr/share/icons/gnome/16x16/places/gnome-foot.png --slave /usr/share/icons/gnome/22x22/places/start-here.png start-here-22.png /usr/share/icons/gnome/22x22/places/gnome-foot.png --slave /usr/share/icons/gnome/24x24/places/start-here.png start-here-24.png /usr/share/icons/gnome/24x24/places/gnome-foot.png --slave /usr/share/icons/gnome/256x256/places/start-here.png start-here-256.png /usr/share/icons/gnome/256x256/places/gnome-foot.png --slave /usr/share/icons/gnome/32x32/places/start-here.png start-here-32.png /usr/share/icons/gnome/32x32/places/gnome-foot.png --slave /usr/share/icons/gnome/48x48/places/start-here.png start-here-48.png /usr/share/icons/gnome/48x48/places/gnome-foot.png
update-alternatives 2014-10-22 19:03:38: run with --install /usr/share/gconf/defaults/10_libgksu libgksu-gconf-defaults /usr/share/libgksu/debian/gconf-defaults.libgksu-sudo 30
update-alternatives 2014-10-22 19:03:38: link group libgksu-gconf-defaults updated to point to /usr/share/libgksu/debian/gconf-defaults.libgksu-sudo
update-alternatives 2014-10-22 19:03:38: run with --install /usr/share/gconf/defaults/10_libgksu libgksu-gconf-defaults /usr/share/libgksu/debian/gconf-defaults.libgksu-su 20
update-alternatives 2014-10-22 19:03:42: run with --install /etc/lxdm/default.conf lxdm.conf /etc/xdg/lubuntu/lxdm/lxdm.conf 60
update-alternatives 2014-10-22 19:03:42: link group lxdm.conf updated to point to /etc/xdg/lubuntu/lxdm/lxdm.conf
update-alternatives 2014-10-22 19:03:42: run with --install /etc/lightdm/lightdm-gtk-greeter.conf lightdm-gtk-greeter-config-derivative /etc/xdg/lubuntu/lightdm/lightdm-gtk-greeter.conf 30
update-alternatives 2014-10-22 19:03:42: link group lightdm-gtk-greeter-config-derivative updated to point to /etc/xdg/lubuntu/lightdm/lightdm-gtk-greeter.conf
update-alternatives 2015-04-01 20:14:05: run with --install /usr/bin/w w /usr/bin/w.procps 50 --slave /usr/share/man/man1/w.1.gz w.1.gz /usr/share/man/man1/w.procps.1.gz
update-alternatives 2015-04-01 20:14:37: run with --force --install /etc/ld.so.conf.d/x86_64-linux-gnu_EGL.conf x86_64-linux-gnu_egl_conf /usr/lib/x86_64-linux-gnu/mesa-egl/ld.so.conf 500
update-alternatives 2015-04-01 20:14:38: run with --force --install /etc/ld.so.conf.d/x86_64-linux-gnu_GL.conf x86_64-linux-gnu_gl_conf /usr/lib/x86_64-linux-gnu/mesa/ld.so.conf 500 --slave /usr/lib/x86_64-linux-gnu/xorg/extra-modules x86_64-linux-gnu_xorg_extra_modules /usr/lib/x86_64-linux-gnu/xorg/x11-extra-modules
update-alternatives 2015-04-01 20:14:45: run with --remove view /usr/bin/see
update-alternatives 2015-04-01 20:14:48: run with --install /bin/mt mt /bin/mt-gnu 10 --slave /usr/share/man/man1/mt.1.gz mt.1.gz /usr/share/man/man1/mt-gnu.1.gz
update-alternatives 2015-04-01 20:15:04: run with --install /usr/bin/gnome-www-browser gnome-www-browser /usr/bin/firefox 40
update-alternatives 2015-04-01 20:15:04: run with --install /usr/bin/x-www-browser x-www-browser /usr/bin/firefox 40
